-------------------------------------------------------------------------------
Test set: test.java.hello.GreetingControllerTests
-------------------------------------------------------------------------------
Tests run: 1, Failures: 0, Errors: 1, Skipped: 0, Time elapsed: 2.06 s <<< FAILURE! - in test.java.hello.GreetingControllerTests
initializationError(test.java.hello.GreetingControllerTests)  Time elapsed: 0.009 s  <<< ERROR!
java.lang.IllegalStateException: Unable to find a @SpringBootConfiguration, you need to use @ContextConfiguration or @SpringBootTest(classes=...) with your test

